https://arb1.arbitrum.io/rpc supports logs
https://arb1.arbitrum.io/rpc supports blockByNumber
https://arb1.arbitrum.io/rpc supports blockNumber
https://arb1.arbitrum.io/rpc supports gas
https://arb1.arbitrum.io/rpc supports filter
https://arb1.arbitrum.io/rpc supports transaction
https://rpc.ankr.com/arbitrum supports logs
https://rpc.ankr.com/arbitrum supports blockByNumber
https://rpc.ankr.com/arbitrum supports blockNumber
https://rpc.ankr.com/arbitrum supports gas
https://rpc.ankr.com/arbitrum supports filter
https://rpc.ankr.com/arbitrum supports transaction
https://1rpc.io/arb supports logs
https://1rpc.io/arb supports blockByNumber
https://1rpc.io/arb supports blockNumber
https://1rpc.io/arb supports gas
https://1rpc.io/arb supports filter
https://1rpc.io/arb supports transaction
https://arb-mainnet.g.alchemy.com/v2/demo supports logs
https://arb-mainnet.g.alchemy.com/v2/demo supports gas
https://arbitrum.blockpi.network/v1/rpc/public supports logs
https://arbitrum.blockpi.network/v1/rpc/public supports blockByNumber
https://arbitrum.blockpi.network/v1/rpc/public supports blockNumber
https://arbitrum.blockpi.network/v1/rpc/public supports gas
https://arbitrum.blockpi.network/v1/rpc/public supports filter
https://arbitrum.blockpi.network/v1/rpc/public supports transaction
https://arbitrum-one.public.blastapi.io supports blockByNumber
https://arbitrum-one.public.blastapi.io supports blockNumber
https://arbitrum-one.public.blastapi.io supports gas
https://arbitrum-one.public.blastapi.io supports transaction
https://endpoints.omniatech.io/v1/arbitrum/one/public supports logs
https://endpoints.omniatech.io/v1/arbitrum/one/public supports blockByNumber
https://endpoints.omniatech.io/v1/arbitrum/one/public supports blockNumber
https://endpoints.omniatech.io/v1/arbitrum/one/public supports gas
https://endpoints.omniatech.io/v1/arbitrum/one/public supports filter
https://endpoints.omniatech.io/v1/arbitrum/one/public supports transaction
https://arb-mainnet-public.unifra.io supports logs
https://arb-mainnet-public.unifra.io supports blockByNumber
https://arb-mainnet-public.unifra.io supports blockNumber
https://arb-mainnet-public.unifra.io supports gas
https://arb-mainnet-public.unifra.io supports filter
https://arb-mainnet-public.unifra.io supports transaction
https://arbitrum.api.onfinality.io/public supports logs
https://arbitrum.api.onfinality.io/public supports blockByNumber
https://arbitrum.api.onfinality.io/public supports blockNumber
https://arbitrum.api.onfinality.io/public supports gas
https://arbitrum.api.onfinality.io/public supports filter
https://arbitrum.api.onfinality.io/public supports transaction
https://rpc.arb1.arbitrum.gateway.fm supports logs
https://rpc.arb1.arbitrum.gateway.fm supports blockByNumber
https://rpc.arb1.arbitrum.gateway.fm supports blockNumber
https://rpc.arb1.arbitrum.gateway.fm supports gas
https://rpc.arb1.arbitrum.gateway.fm supports filter
https://rpc.arb1.arbitrum.gateway.fm supports transaction
https://arbitrum-one.publicnode.com supports logs
https://arbitrum-one.publicnode.com supports blockByNumber
https://arbitrum-one.publicnode.com supports blockNumber
https://arbitrum-one.publicnode.com supports gas
https://arbitrum-one.publicnode.com supports filter
https://arbitrum-one.publicnode.com supports transaction
https://arbitrum.meowrpc.com supports logs
https://arbitrum.meowrpc.com supports blockByNumber
https://arbitrum.meowrpc.com supports blockNumber
https://arbitrum.meowrpc.com supports gas
https://arbitrum.meowrpc.com supports filter
https://arbitrum.meowrpc.com supports transaction
https://arbitrum.drpc.org supports logs
https://arbitrum.drpc.org supports blockByNumber
https://arbitrum.drpc.org supports blockNumber
https://arbitrum.drpc.org supports gas
https://arbitrum.drpc.org supports filter
https://arbitrum.drpc.org supports transaction
